<?xml version="1.0" encoding="UTF-8"?>
<testng-results ignored="0" total="4" passed="3" failed="1" skipped="0">
  <reporter-output>
  </reporter-output>
  <suite started-at="2022-02-03T19:50:20 IST" name="Default suite" finished-at="2022-02-03T19:50:50 IST" duration-ms="30107">
    <groups>
    </groups>
    <test started-at="2022-02-03T19:50:20 IST" name="Default test" finished-at="2022-02-03T19:50:50 IST" duration-ms="30107">
      <class name="com.mystore.testcases.TC001_login">
        <test-method is-config="true" signature="LoadConfig()[pri:0, instance:com.mystore.testcases.TC001_login@75d3a5e0]" started-at="2022-02-03T19:50:20 IST" name="LoadConfig" finished-at="2022-02-03T19:50:20 IST" duration-ms="16" status="PASS">
          <reporter-output>
          </reporter-output>
        </test-method> <!-- LoadConfig -->
        <test-method is-config="true" signature="OpenBrowser()[pri:0, instance:com.mystore.testcases.TC001_login@75d3a5e0]" started-at="2022-02-03T19:50:20 IST" name="OpenBrowser" finished-at="2022-02-03T19:50:28 IST" duration-ms="8377" status="PASS">
          <reporter-output>
          </reporter-output>
        </test-method> <!-- OpenBrowser -->
        <test-method signature="TC001_loginTest()[pri:0, instance:com.mystore.testcases.TC001_login@75d3a5e0]" started-at="2022-02-03T19:50:28 IST" name="TC001_loginTest" finished-at="2022-02-03T19:50:29 IST" duration-ms="1065" status="PASS">
          <reporter-output>
          </reporter-output>
        </test-method> <!-- TC001_loginTest -->
        <test-method is-config="true" signature="CloseBrowsers()[pri:0, instance:com.mystore.testcases.TC001_login@75d3a5e0]" started-at="2022-02-03T19:50:29 IST" name="CloseBrowsers" finished-at="2022-02-03T19:50:30 IST" duration-ms="569" status="PASS">
          <reporter-output>
          </reporter-output>
        </test-method> <!-- CloseBrowsers -->
        <test-method is-config="true" signature="OpenBrowser()[pri:0, instance:com.mystore.testcases.TC001_login@75d3a5e0]" started-at="2022-02-03T19:50:30 IST" name="OpenBrowser" finished-at="2022-02-03T19:50:36 IST" duration-ms="5743" status="PASS">
          <reporter-output>
          </reporter-output>
        </test-method> <!-- OpenBrowser -->
        <test-method signature="TC002_Verify()[pri:0, instance:com.mystore.testcases.TC001_login@75d3a5e0]" started-at="2022-02-03T19:50:36 IST" name="TC002_Verify" finished-at="2022-02-03T19:50:36 IST" duration-ms="248" status="PASS">
          <reporter-output>
          </reporter-output>
        </test-method> <!-- TC002_Verify -->
        <test-method is-config="true" signature="CloseBrowsers()[pri:0, instance:com.mystore.testcases.TC001_login@75d3a5e0]" started-at="2022-02-03T19:50:36 IST" name="CloseBrowsers" finished-at="2022-02-03T19:50:36 IST" duration-ms="504" status="PASS">
          <reporter-output>
          </reporter-output>
        </test-method> <!-- CloseBrowsers -->
        <test-method is-config="true" signature="OpenBrowser()[pri:0, instance:com.mystore.testcases.TC001_login@75d3a5e0]" started-at="2022-02-03T19:50:36 IST" name="OpenBrowser" finished-at="2022-02-03T19:50:43 IST" duration-ms="6263" status="PASS">
          <reporter-output>
          </reporter-output>
        </test-method> <!-- OpenBrowser -->
        <test-method signature="TC002_Verify2()[pri:0, instance:com.mystore.testcases.TC001_login@75d3a5e0]" started-at="2022-02-03T19:50:43 IST" name="TC002_Verify2" finished-at="2022-02-03T19:50:43 IST" duration-ms="203" status="PASS">
          <reporter-output>
          </reporter-output>
        </test-method> <!-- TC002_Verify2 -->
        <test-method is-config="true" signature="CloseBrowsers()[pri:0, instance:com.mystore.testcases.TC001_login@75d3a5e0]" started-at="2022-02-03T19:50:43 IST" name="CloseBrowsers" finished-at="2022-02-03T19:50:43 IST" duration-ms="321" status="PASS">
          <reporter-output>
          </reporter-output>
        </test-method> <!-- CloseBrowsers -->
        <test-method is-config="true" signature="OpenBrowser()[pri:0, instance:com.mystore.testcases.TC001_login@75d3a5e0]" started-at="2022-02-03T19:50:43 IST" name="OpenBrowser" finished-at="2022-02-03T19:50:49 IST" duration-ms="6228" status="PASS">
          <reporter-output>
          </reporter-output>
        </test-method> <!-- OpenBrowser -->
        <test-method signature="TC002_Verify3()[pri:0, instance:com.mystore.testcases.TC001_login@75d3a5e0]" started-at="2022-02-03T19:50:49 IST" name="TC002_Verify3" finished-at="2022-02-03T19:50:50 IST" duration-ms="186" status="FAIL">
          <exception class="org.junit.ComparisonFailure">
            <message>
              <![CDATA[expected:<[]> but was:<[Login]>]]>
            </message>
            <full-stacktrace>
              <![CDATA[org.junit.ComparisonFailure: expected:<[]> but was:<[Login]>
at org.junit.Assert.assertEquals(Assert.java:117)
at org.junit.Assert.assertEquals(Assert.java:146)
at com.mystore.testcases.TC001_login.TC002_Verify3(TC001_login.java:46)
at java.base/jdk.internal.reflect.NativeMethodAccessorImpl.invoke0(Native Method)
at java.base/jdk.internal.reflect.NativeMethodAccessorImpl.invoke(NativeMethodAccessorImpl.java:77)
at java.base/jdk.internal.reflect.DelegatingMethodAccessorImpl.invoke(DelegatingMethodAccessorImpl.java:43)
at java.base/java.lang.reflect.Method.invoke(Method.java:568)
at org.testng.internal.MethodInvocationHelper.invokeMethod(MethodInvocationHelper.java:133)
at org.testng.internal.TestInvoker.invokeMethod(TestInvoker.java:598)
at org.testng.internal.TestInvoker.invokeTestMethod(TestInvoker.java:173)
at org.testng.internal.MethodRunner.runInSequence(MethodRunner.java:46)
at org.testng.internal.TestInvoker$MethodInvocationAgent.invoke(TestInvoker.java:824)
at org.testng.internal.TestInvoker.invokeTestMethods(TestInvoker.java:146)
at org.testng.internal.TestMethodWorker.invokeTestMethods(TestMethodWorker.java:146)
at org.testng.internal.TestMethodWorker.run(TestMethodWorker.java:128)
at java.base/java.util.ArrayList.forEach(ArrayList.java:1511)
at org.testng.TestRunner.privateRun(TestRunner.java:794)
at org.testng.TestRunner.run(TestRunner.java:596)
at org.testng.SuiteRunner.runTest(SuiteRunner.java:377)
at org.testng.SuiteRunner.runSequentially(SuiteRunner.java:371)
at org.testng.SuiteRunner.privateRun(SuiteRunner.java:332)
at org.testng.SuiteRunner.run(SuiteRunner.java:276)
at org.testng.SuiteRunnerWorker.runSuite(SuiteRunnerWorker.java:53)
at org.testng.SuiteRunnerWorker.run(SuiteRunnerWorker.java:96)
at org.testng.TestNG.runSuitesSequentially(TestNG.java:1212)
at org.testng.TestNG.runSuitesLocally(TestNG.java:1134)
at org.testng.TestNG.runSuites(TestNG.java:1063)
at org.testng.TestNG.run(TestNG.java:1031)
at org.testng.remote.AbstractRemoteTestNG.run(AbstractRemoteTestNG.java:115)
at org.testng.remote.RemoteTestNG.initAndRun(RemoteTestNG.java:251)
at org.testng.remote.RemoteTestNG.main(RemoteTestNG.java:77)
]]>
            </full-stacktrace>
          </exception> <!-- org.junit.ComparisonFailure -->
          <reporter-output>
          </reporter-output>
        </test-method> <!-- TC002_Verify3 -->
        <test-method is-config="true" signature="CloseBrowsers()[pri:0, instance:com.mystore.testcases.TC001_login@75d3a5e0]" started-at="2022-02-03T19:50:50 IST" name="CloseBrowsers" finished-at="2022-02-03T19:50:50 IST" duration-ms="330" status="PASS">
          <reporter-output>
          </reporter-output>
        </test-method> <!-- CloseBrowsers -->
      </class> <!-- com.mystore.testcases.TC001_login -->
    </test> <!-- Default test -->
  </suite> <!-- Default suite -->
</testng-results>
